<?xml version="1.0" encoding="UTF-8"?>
<!-- Generated by org.testng.reporters.JUnitXMLReporter -->
<testsuite ignored="0" hostname="VishalDESKTOPUB7VRDV" failures="0" tests="6" name="Default test" time="0.117" errors="0" timestamp="2023-12-20T13:12:00 IST">
  <testcase classname="TestNG_Study.NewTestClass" name="validatePasward" time="0.014"/>
  <testcase classname="TestNG_Study.NewTestClass" name="validateEmailId" time="0.002"/>
  <testcase classname="TestNG_Study.NewTestClass" name="validateEmailId" time="0.002"/>
  <testcase classname="TestNG_Study.NewTestClass" name="validateEmailId" time="0.002"/>
  <testcase classname="TestNG_Study.NewTestClass" name="validateEmailId" time="0.002"/>
  <testcase classname="TestNG_Study.NewTestClass" name="validateEmailId" time="0.002"/>
</testsuite> <!-- Default test -->
