<?xml version="1.0" encoding="UTF-8"?>
<testng-results ignored="0" total="6" passed="6" failed="0" skipped="0">
  <reporter-output>
    <line>
      <![CDATA[validate Pasward done]]>
    </line>
    <line>
      <![CDATA[validate EmailId done ]]>
    </line>
    <line>
      <![CDATA[validate EmailId done ]]>
    </line>
    <line>
      <![CDATA[validate EmailId done ]]>
    </line>
    <line>
      <![CDATA[validate EmailId done ]]>
    </line>
    <line>
      <![CDATA[validate EmailId done ]]>
    </line>
  </reporter-output>
  <suite started-at="2023-12-20T13:12:00 IST" name="Default suite" finished-at="2023-12-20T13:12:00 IST" duration-ms="117">
    <groups>
    </groups>
    <test started-at="2023-12-20T13:12:00 IST" name="Default test" finished-at="2023-12-20T13:12:00 IST" duration-ms="117">
      <class name="TestNG_Study.NewTestClass">
        <test-method signature="validatePasward()[pri:-1, instance:TestNG_Study.NewTestClass@548d708a]" started-at="2023-12-20T13:12:00 IST" name="validatePasward" finished-at="2023-12-20T13:12:00 IST" duration-ms="14" status="PASS">
          <reporter-output>
            <line>
              <![CDATA[validate Pasward done]]>
            </line>
          </reporter-output>
        </test-method> <!-- validatePasward -->
        <test-method signature="validateEmailId()[pri:0, instance:TestNG_Study.NewTestClass@548d708a]" started-at="2023-12-20T13:12:00 IST" name="validateEmailId" finished-at="2023-12-20T13:12:00 IST" duration-ms="2" status="PASS">
          <reporter-output>
            <line>
              <![CDATA[validate EmailId done ]]>
            </line>
          </reporter-output>
        </test-method> <!-- validateEmailId -->
        <test-method signature="validateEmailId()[pri:0, instance:TestNG_Study.NewTestClass@548d708a]" started-at="2023-12-20T13:12:00 IST" name="validateEmailId" finished-at="2023-12-20T13:12:00 IST" duration-ms="2" status="PASS">
          <reporter-output>
            <line>
              <![CDATA[validate EmailId done ]]>
            </line>
          </reporter-output>
        </test-method> <!-- validateEmailId -->
        <test-method signature="validateEmailId()[pri:0, instance:TestNG_Study.NewTestClass@548d708a]" started-at="2023-12-20T13:12:00 IST" name="validateEmailId" finished-at="2023-12-20T13:12:00 IST" duration-ms="2" status="PASS">
          <reporter-output>
            <line>
              <![CDATA[validate EmailId done ]]>
            </line>
          </reporter-output>
        </test-method> <!-- validateEmailId -->
        <test-method signature="validateEmailId()[pri:0, instance:TestNG_Study.NewTestClass@548d708a]" started-at="2023-12-20T13:12:00 IST" name="validateEmailId" finished-at="2023-12-20T13:12:00 IST" duration-ms="2" status="PASS">
          <reporter-output>
            <line>
              <![CDATA[validate EmailId done ]]>
            </line>
          </reporter-output>
        </test-method> <!-- validateEmailId -->
        <test-method signature="validateEmailId()[pri:0, instance:TestNG_Study.NewTestClass@548d708a]" started-at="2023-12-20T13:12:00 IST" name="validateEmailId" finished-at="2023-12-20T13:12:00 IST" duration-ms="2" status="PASS">
          <reporter-output>
            <line>
              <![CDATA[validate EmailId done ]]>
            </line>
          </reporter-output>
        </test-method> <!-- validateEmailId -->
      </class> <!-- TestNG_Study.NewTestClass -->
    </test> <!-- Default test -->
  </suite> <!-- Default suite -->
</testng-results>
